
=== Mon Jun 21 14:49:40 2021

Packages were changed.
Update Mode: updateDependencies

The following packages were updated:
  com.unity.2d.animation from version 5.0.3 to 6.0.3
  com.unity.2d.pixel-perfect from version 4.0.1 to 5.0.0
  com.unity.2d.psdimporter from version 4.0.2 to 5.0.3
  com.unity.2d.spriteshape from version 5.1.0 to 6.0.0
  com.unity.collab-proxy from version 1.3.9 to 1.5.7
  com.unity.ide.rider from version 2.0.7 to 3.0.7
  com.unity.ide.visualstudio from version 2.0.5 to 2.0.8
  com.unity.test-framework from version 1.1.20 to 1.1.24
  com.unity.textmeshpro from version 3.0.1 to 3.0.6
  com.unity.timeline from version 1.4.5 to 1.5.5

=== Wed Apr 27 23:25:04 2022

Packages were changed.
Update Mode: updateDependencies

The following packages were updated:
  com.unity.2d.animation from version 6.0.3 to 7.0.4
  com.unity.2d.pixel-perfect from version 5.0.0 to 5.0.1
  com.unity.2d.psdimporter from version 5.0.3 to 6.0.3
  com.unity.2d.spriteshape from version 6.0.0 to 7.0.4
  com.unity.cinemachine from version 2.7.9 to 2.8.4
  com.unity.collab-proxy from version 1.5.7 to 1.15.15
  com.unity.ide.rider from version 3.0.7 to 3.0.13
  com.unity.ide.visualstudio from version 2.0.8 to 2.0.14
  com.unity.ide.vscode from version 1.2.3 to 1.2.5
  com.unity.test-framework from version 1.1.24 to 1.1.31
  com.unity.timeline from version 1.5.5 to 1.6.4

=== Tue May 10 09:30:47 2022

Packages were changed.
Update Mode: resetToDefaultDependencies

The following packages were added:
  com.unity.visualscripting@1.7.6
The following packages were updated:
  com.unity.collab-proxy from version 1.15.17 to 1.15.15
  com.unity.ide.rider from version 3.0.14 to 3.0.13
  com.unity.ide.visualstudio from version 2.0.15 to 2.0.14
The following packages were removed:
  com.unity.2d.animation@7.0.5
  com.unity.2d.pixel-perfect@5.0.1
  com.unity.2d.psdimporter@6.0.3
  com.unity.2d.sprite@1.0.0
  com.unity.2d.spriteshape@7.0.4
  com.unity.2d.tilemap@1.0.0
  com.unity.cinemachine@2.8.4

=== Sun May 22 08:12:30 2022

Packages were changed.
Update Mode: updateDependencies

The following packages were updated:
  com.unity.collab-proxy from version 1.15.15 to 1.15.16
  com.unity.ide.rider from version 3.0.13 to 3.0.14
  com.unity.ide.visualstudio from version 2.0.14 to 2.0.15
